Initializing data for user: Akash Mallepally (68d84b999683f20dd5196b7c)
Fetching data for customer: 68d84b999683f20dd5196b7c
Finding accounts for customer 68d84b999683f20dd5196b7c...
🌱 FinQuest Demo Server running on http://localhost:8001
📊 API Documentation: http://localhost:8001/api/health
🎯 Dashboard Data: http://localhost:8001/api/analytics/dashboard-data
🎯 Goals Data: http://localhost:8001/api/goals/
Press Ctrl+C to stop the server
🧹 Cleaning up duplicate streaks...
✅ Cleaned up streaks: 2 unique streaks remaining
✅ Found 2 account(s) for customer 68d84b999683f20dd5196b7c.
Fetching transactions for account: 68d84d439683f20dd5196b88
Fetching transactions for account: 68d8570b9683f20dd5196cbe
  - Found 76 purchases.
  - Found 3 deposits.
✅ Found a total of 79 transactions for customer 68d84b999683f20dd5196b7c.
Initializing data for user: Alice Smith (68d840da9683f20dd5196aca)
Fetching data for customer: 68d840da9683f20dd5196aca
Finding accounts for customer 68d840da9683f20dd5196aca...
✅ Found 1 account(s) for customer 68d840da9683f20dd5196aca.
Fetching transactions for account: 68d860719683f20dd5196ea0
  - Found 92 purchases.
  - Found 4 deposits.
✅ Found a total of 96 transactions for customer 68d840da9683f20dd5196aca.
Initializing data for user: Nikhil Bismillah (68d84bc09683f20dd5196b7e)
Fetching data for customer: 68d84bc09683f20dd5196b7e
Finding accounts for customer 68d84bc09683f20dd5196b7e...
✅ Found 1 account(s) for customer 68d84bc09683f20dd5196b7e.
Fetching transactions for account: 68d858339683f20dd5196d0e
  - Found 192 purchases.
  - Found 8 deposits.
✅ Found a total of 200 transactions for customer 68d84bc09683f20dd5196b7e.
Initializing data for user: Mokshitha Mandadi (68d84bc99683f20dd5196b7f)
Fetching data for customer: 68d84bc99683f20dd5196b7f
Finding accounts for customer 68d84bc99683f20dd5196b7f...
✅ Found 3 account(s) for customer 68d84bc99683f20dd5196b7f.
Fetching transactions for account: 68d859309683f20dd5196d89
Fetching transactions for account: 68d86aef9683f20dd5196fb7
Fetching transactions for account: 68d86af99683f20dd5196fb8
  - Found 70 purchases.
  - Found 4 deposits.
📊 Generating analytics for user: Nikhil Bismillah (200 transactions)
📊 Generating analytics for user: Nikhil Bismillah (200 transactions)
🤖 Generating AI recommendations for user: Nikhil Bismillah
🤖 Generating AI recommendations for user: Nikhil Bismillah
✅ Found a total of 74 transactions for customer 68d84bc99683f20dd5196b7f.
Creating new streak for goal: Use Public Transport
✅ Created streak for goal: Use Public Transport
Updating goal progress for: new head
Found 1 active streaks for goal new head
Streak Use Public Transport: 0 days completed, $0.00 saved
Goal new head updated: $0 saved (0%)
Updating goal progress for: new set
Found 2 active streaks for goal new set
Streak Skip Coffee: 2 days completed, $6.00 saved
Streak Cook at Home: 2 days completed, $13.33 saved
Goal new set updated: $19.33 saved (92.05%)
Updating goal progress for: new head
Found 1 active streaks for goal new head
Streak Use Public Transport: 1 days completed, $4.00 saved
Goal new head updated: $4 saved (9.09%)
